<?xml version="1.0" encoding="UTF-8"?>
<testng-results ignored="0" total="1" passed="1" failed="0" skipped="0">
  <reporter-output>
  </reporter-output>
  <suite started-at="2024-01-24T16:35:32 IST" name="Default suite" finished-at="2024-01-24T16:35:33 IST" duration-ms="1785">
    <groups>
    </groups>
    <test started-at="2024-01-24T16:35:32 IST" name="Default test" finished-at="2024-01-24T16:35:33 IST" duration-ms="1785">
      <class name="Session14.AddHeaderRequestDemo">
        <test-method signature="testMethod1()[pri:0, instance:Session14.AddHeaderRequestDemo@82de64a]" started-at="2024-01-24T16:35:32 IST" name="testMethod1" finished-at="2024-01-24T16:35:33 IST" duration-ms="1739" status="PASS">
          <reporter-output>
          </reporter-output>
        </test-method> <!-- testMethod1 -->
      </class> <!-- Session14.AddHeaderRequestDemo -->
    </test> <!-- Default test -->
  </suite> <!-- Default suite -->
</testng-results>
